<?xml version="1.0" encoding="UTF-8"?>
<!-- Generated by org.testng.reporters.JUnitReportReporter -->
<testsuite skipped="0" hostname="DESKTOP-B7L9A0H" name="RestAssured.Parameterization" tests="2" failures="0" timestamp="24 Feb 2021 20:44:30 GMT" time="3.536" errors="0">
  <testcase name="postRequest" time="3.479" classname="RestAssured.Parameterization"/>
  <testcase name="postRequest" time="0.057" classname="RestAssured.Parameterization"/>
</testsuite> <!-- RestAssured.Parameterization -->
