<?xml version="1.0" encoding="UTF-8"?>
<!-- Generated by org.testng.reporters.JUnitReportReporter -->
<testsuite skipped="0" hostname="DESKTOP-B7L9A0H" name="RestAssured.Parameterization2" tests="2" failures="0" timestamp="25 Feb 2021 16:29:26 GMT" time="3.026" errors="0">
  <testcase name="postRequest" time="2.959" classname="RestAssured.Parameterization2"/>
  <testcase name="postRequest" time="0.067" classname="RestAssured.Parameterization2"/>
</testsuite> <!-- RestAssured.Parameterization2 -->
