<?xml version="1.0" encoding="UTF-8"?>
<!-- Generated by org.testng.reporters.JUnitReportReporter -->
<testsuite skipped="0" hostname="DESKTOP-B7L9A0H" name="RestAssured.Example2" tests="1" failures="0" timestamp="2 Mar 2021 18:32:35 GMT" time="19.607" errors="0">
  <testcase name="testGet03" time="19.607" classname="RestAssured.Example2"/>
</testsuite> <!-- RestAssured.Example2 -->
