<?xml version="1.0" encoding="UTF-8"?>
<!-- Generated by org.testng.reporters.JUnitReportReporter -->
<testsuite skipped="0" hostname="DESKTOP-B7L9A0H" name="RestAssured.Examples" tests="1" failures="0" timestamp="24 Feb 2021 18:46:35 GMT" time="2.652" errors="0">
  <testcase name="putRequest" time="2.652" classname="RestAssured.Examples"/>
</testsuite> <!-- RestAssured.Examples -->
