<?xml version="1.0" encoding="UTF-8"?>
<!-- Generated by org.testng.reporters.JUnitReportReporter -->
<testsuite skipped="0" hostname="DESKTOP-B7L9A0H" name="RestAssured.Test01_GET" tests="2" failures="0" timestamp="23 Feb 2021 18:16:57 GMT" time="5.386" errors="0">
  <testcase name="test" time="0.807" classname="RestAssured.Test01_GET"/>
  <testcase name="Test01" time="4.579" classname="RestAssured.Test01_GET"/>
</testsuite> <!-- RestAssured.Test01_GET -->
