<?xml version="1.0" encoding="UTF-8"?>
<!-- Generated by org.testng.reporters.JUnitReportReporter -->
<testsuite skipped="0" hostname="DESKTOP-B7L9A0H" name="RestAssured.Parameterization1" tests="2" failures="0" timestamp="24 Feb 2021 20:58:23 GMT" time="2.993" errors="0">
  <testcase name="postRequest" time="2.927" classname="RestAssured.Parameterization1"/>
  <testcase name="postRequest" time="0.066" classname="RestAssured.Parameterization1"/>
</testsuite> <!-- RestAssured.Parameterization1 -->
