<?xml version="1.0" encoding="UTF-8"?>
<!-- Generated by org.testng.reporters.JUnitReportReporter -->
<testsuite skipped="0" hostname="DESKTOP-B7L9A0H" name="RestAssured.Test01_GET" tests="2" failures="0" timestamp="2021-03-03T00:15:46 IST" time="7.851" errors="0">
  <testcase name="Test01" time="5.730" classname="RestAssured.Test01_GET"/>
  <system-out/>
  <testcase name="test" time="2.121" classname="RestAssured.Test01_GET"/>
  <system-out/>
</testsuite> <!-- RestAssured.Test01_GET -->
